<?xml version='1.0' encoding='UTF-8'?>
<testsuite hostname="Paus-MBP" name="kvstore.KVStoreSuite" tests="5" errors="0" failures="0" skipped="0" time="3.625" timestamp="2019-10-27T15:01:03">
                     <properties>
      <property name="jline.esc.timeout" value="0"/><property name="jna.platform.library.path" value="/usr/lib:/usr/lib"/><property name="java.runtime.name" value="Java(TM) SE Runtime Environment"/><property name="sun.boot.library.path" value="/Library/Java/JavaVirtualMachines/jdk1.8.0_221.jdk/Contents/Home/jre/lib"/><property name="java.vm.version" value="25.221-b11"/><property name="gopherProxySet" value="false"/><property name="java.vm.vendor" value="Oracle Corporation"/><property name="java.vendor.url" value="http://java.oracle.com/"/><property name="path.separator" value=":"/><property name="jna.loaded" value="true"/><property name="java.vm.name" value="Java HotSpot(TM) 64-Bit Server VM"/><property name="file.encoding.pkg" value="sun.io"/><property name="user.country" value="ES"/><property name="sun.java.launcher" value="SUN_STANDARD"/><property name="sun.os.patch.level" value="unknown"/><property name="jna.nosys" value="true"/><property name="java.vm.specification.name" value="Java Virtual Machine Specification"/><property name="user.dir" value="/Users/paualarco/Documents/paualarco-workspace/courses/reactive-systems/Handling Failure and State/kvstore"/><property name="java.runtime.version" value="1.8.0_221-b11"/><property name="java.awt.graphicsenv" value="sun.awt.CGraphicsEnvironment"/><property name="idea.managed" value="true"/><property name="java.endorsed.dirs" value="/Library/Java/JavaVirtualMachines/jdk1.8.0_221.jdk/Contents/Home/jre/lib/endorsed"/><property name="os.arch" value="x86_64"/><property name="java.io.tmpdir" value="/var/folders/2v/f4bvnf2954lcvfzjfv6bxqm00000gn/T/"/><property name="line.separator" value="
"/><property name="java.vm.specification.vendor" value="Oracle Corporation"/><property name="os.name" value="Mac OS X"/><property name="sun.jnu.encoding" value="UTF-8"/><property name="jnidispatch.path" value="/var/folders/2v/f4bvnf2954lcvfzjfv6bxqm00000gn/T/jna-320959660/jna8431265043283786359.tmp"/><property name="java.library.path" value="/Users/paualarco/Library/Java/Extensions:/Library/Java/Extensions:/Network/Library/Java/Extensions:/System/Library/Java/Extensions:/usr/lib/java:."/><property name="sbt.version" value="1.2.8"/><property name="java.specification.name" value="Java Platform API Specification"/><property name="java.class.version" value="52.0"/><property name="sun.management.compiler" value="HotSpot 64-Bit Tiered Compilers"/><property name="os.version" value="10.13.6"/><property name="http.nonProxyHosts" value="local|*.local|169.254/16|*.169.254/16"/><property name="user.home" value="/Users/paualarco"/><property name="user.timezone" value="Europe/London"/><property name="java.awt.printerjob" value="sun.lwawt.macosx.CPrinterJob"/><property name="file.encoding" value="UTF-8"/><property name="java.specification.version" value="1.8"/><property name="java.class.path" value="/Users/paualarco/Library/Application Support/IdeaIC2019.2/Scala/launcher/sbt-launch.jar"/><property name="user.name" value="paualarco"/><property name="jline.shutdownhook" value="false"/><property name="java.vm.specification.version" value="1.8"/><property name="sun.java.command" value="/Users/paualarco/Library/Application Support/IdeaIC2019.2/Scala/launcher/sbt-launch.jar --addPluginSbtFile=/private/var/folders/2v/f4bvnf2954lcvfzjfv6bxqm00000gn/T/idea4.sbt ; set ideaPort in Global := 49191 ; idea-shell"/><property name="java.home" value="/Library/Java/JavaVirtualMachines/jdk1.8.0_221.jdk/Contents/Home/jre"/><property name="sun.arch.data.model" value="64"/><property name="user.language" value="en"/><property name="java.specification.vendor" value="Oracle Corporation"/><property name="awt.toolkit" value="sun.lwawt.macosx.LWCToolkit"/><property name="java.vm.info" value="mixed mode"/><property name="java.version" value="1.8.0_221"/><property name="java.ext.dirs" value="/Users/paualarco/Library/Java/Extensions:/Library/Java/JavaVirtualMachines/jdk1.8.0_221.jdk/Contents/Home/jre/lib/ext:/Library/Java/Extensions:/Network/Library/Java/Extensions:/System/Library/Java/Extensions:/usr/lib/java"/><property name="sun.boot.class.path" value="/Library/Java/JavaVirtualMachines/jdk1.8.0_221.jdk/Contents/Home/jre/lib/resources.jar:/Library/Java/JavaVirtualMachines/jdk1.8.0_221.jdk/Contents/Home/jre/lib/rt.jar:/Library/Java/JavaVirtualMachines/jdk1.8.0_221.jdk/Contents/Home/jre/lib/sunrsasign.jar:/Library/Java/JavaVirtualMachines/jdk1.8.0_221.jdk/Contents/Home/jre/lib/jsse.jar:/Library/Java/JavaVirtualMachines/jdk1.8.0_221.jdk/Contents/Home/jre/lib/jce.jar:/Library/Java/JavaVirtualMachines/jdk1.8.0_221.jdk/Contents/Home/jre/lib/charsets.jar:/Library/Java/JavaVirtualMachines/jdk1.8.0_221.jdk/Contents/Home/jre/lib/jfr.jar:/Library/Java/JavaVirtualMachines/jdk1.8.0_221.jdk/Contents/Home/jre/classes"/><property name="java.vendor" value="Oracle Corporation"/><property name="file.separator" value="/"/><property name="java.vendor.url.bug" value="http://bugreport.sun.com/bugreport/"/><property name="sbt.supershell" value="false"/><property name="sun.io.unicode.encoding" value="UnicodeBig"/><property name="sun.cpu.endian" value="little"/><property name="socksNonProxyHosts" value="local|*.local|169.254/16|*.169.254/16"/><property name="ftp.nonProxyHosts" value="local|*.local|169.254/16|*.169.254/16"/><property name="sun.cpu.isalist" value=""/>
    </properties>
                     <testcase classname="kvstore.KVStoreSuite" name="Step5-case1: Primary does not acknowledge updates which have not been persisted" time="0.289">
                                                 
                                               </testcase><testcase classname="kvstore.KVStoreSuite" name="Step5-case2: Primary retries persistence every 100 milliseconds" time="0.548">
                                                 
                                               </testcase><testcase classname="kvstore.KVStoreSuite" name="Step5-case3: Primary generates failure after 1 second if persistence fails" time="1.049">
                                                 
                                               </testcase><testcase classname="kvstore.KVStoreSuite" name="Step5-case4: Primary generates failure after 1 second if global acknowledgement fails" time="1.073">
                                                 
                                               </testcase><testcase classname="kvstore.KVStoreSuite" name="Step5-case5: Primary acknowledges only after persistence and global acknowledgement" time="0.666">
                                                 
                                               </testcase>
                     <system-out><![CDATA[]]></system-out>
                     <system-err><![CDATA[]]></system-err>
                   </testsuite>